<?xml version="1.0" encoding="UTF-8"?>
<testng-results skipped="0" failed="0" ignored="0" total="1" passed="1">
  <reporter-output>
  </reporter-output>
  <suite name="Default suite" duration-ms="72615" started-at="2020-12-08T09:17:46Z" finished-at="2020-12-08T09:18:58Z">
    <groups>
    </groups>
    <test name="Default test" duration-ms="72615" started-at="2020-12-08T09:17:46Z" finished-at="2020-12-08T09:18:58Z">
      <class name="Testscripts.Testlaunch">
        <test-method status="PASS" signature="launch()[pri:0, instance:Testscripts.Testlaunch@643b1d11]" name="launch" duration-ms="72559" started-at="2020-12-08T09:17:46Z" finished-at="2020-12-08T09:18:58Z">
          <reporter-output>
          </reporter-output>
        </test-method> <!-- launch -->
      </class> <!-- Testscripts.Testlaunch -->
    </test> <!-- Default test -->
  </suite> <!-- Default suite -->
</testng-results>
